<?xml version="1.0" encoding="UTF-8"?>
<!-- Generated by org.testng.reporters.JUnitXMLReporter -->
<testsuite hostname="Umer" ignored="1" name="Default test(failed)" tests="2" failures="1" timestamp="13 Dec 2018 20:15:15 GMT" time="0.06" errors="0">
  <testcase name="test2" time="0.012" classname="TestNGRetry.TestNGRetryDemo"/>
  <testcase name="test3" time="0.004" classname="TestNGRetry.TestNGRetryDemo">
    <failure type="java.lang.AssertionError" message="expected [true] but found [false]">
      <![CDATA[java.lang.AssertionError: expected [true] but found [false]
at TestNGRetry.TestNGRetryDemo.test3(TestNGRetryDemo.java:29)
... Removed 29 stack frames]]>
    </failure>
  </testcase> <!-- test3 -->
  <testcase name="test1" time="0.0" classname="TestNGRetry.TestNGRetryDemo">
    <ignored/>
  </testcase> <!-- test1 -->
</testsuite> <!-- Default test(failed) -->
