<?xml version="1.0" encoding="UTF-8"?>
<testng-results skipped="0" failed="0" ignored="0" total="1" passed="1">
  <reporter-output>
  </reporter-output>
  <suite name="Default suite" duration-ms="34575" started-at="2018-12-13T20:53:17Z" finished-at="2018-12-13T20:53:51Z">
    <groups>
    </groups>
    <test name="Default test" duration-ms="34575" started-at="2018-12-13T20:53:17Z" finished-at="2018-12-13T20:53:51Z">
      <class name="Katalone.Test1">
        <test-method status="PASS" signature="setUp()[pri:0, instance:Katalone.Test1@6ba0ac]" name="setUp" is-config="true" duration-ms="20292" started-at="2018-12-13T20:53:17Z" finished-at="2018-12-13T20:53:37Z">
          <reporter-output>
          </reporter-output>
        </test-method> <!-- setUp -->
        <test-method status="PASS" signature="test1()[pri:0, instance:Katalone.Test1@6ba0ac]" name="test1" duration-ms="13370" started-at="2018-12-13T20:53:37Z" finished-at="2018-12-13T20:53:51Z">
          <reporter-output>
          </reporter-output>
        </test-method> <!-- test1 -->
        <test-method status="PASS" signature="tearDown()[pri:0, instance:Katalone.Test1@6ba0ac]" name="tearDown" is-config="true" duration-ms="877" started-at="2018-12-13T20:53:51Z" finished-at="2018-12-13T20:53:51Z">
          <reporter-output>
          </reporter-output>
        </test-method> <!-- tearDown -->
      </class> <!-- Katalone.Test1 -->
    </test> <!-- Default test -->
  </suite> <!-- Default suite -->
</testng-results>
