<?xml version="1.0" encoding="UTF-8"?>
<!-- Generated by org.testng.reporters.JUnitXMLReporter -->
<testsuite hostname="Umer" ignored="0" name="TestonFirefox" tests="1" failures="1" timestamp="09 Dec 2018 13:06:07 GMT" time="75.951" errors="0">
  <testcase name="@AfterTest teardown" time="0.001" classname="TestNGMultiBrowser.TestNGMultiBrowsertest">
    <failure type="java.lang.NullPointerException">
      <![CDATA[java.lang.NullPointerException
at TestNGMultiBrowser.TestNGMultiBrowsertest.teardown(TestNGMultiBrowsertest.java:51)
at java.util.concurrent.FutureTask.run(Unknown Source)
at java.util.concurrent.ThreadPoolExecutor.runWorker(Unknown Source)
at java.util.concurrent.ThreadPoolExecutor$Worker.run(Unknown Source)
at java.lang.Thread.run(Unknown Source)
... Removed 15 stack frames]]>
    </failure>
  </testcase> <!-- @AfterTest teardown -->
  <testcase name="test1" time="0.005" classname="TestNGMultiBrowser.TestNGMultiBrowsertest">
    <failure type="java.lang.NullPointerException">
      <![CDATA[java.lang.NullPointerException
at TestNGMultiBrowser.TestNGMultiBrowsertest.test1(TestNGMultiBrowsertest.java:41)
at java.util.concurrent.FutureTask.run(Unknown Source)
at java.util.concurrent.ThreadPoolExecutor.runWorker(Unknown Source)
at java.util.concurrent.ThreadPoolExecutor$Worker.run(Unknown Source)
at java.lang.Thread.run(Unknown Source)
... Removed 16 stack frames]]>
    </failure>
  </testcase> <!-- test1 -->
</testsuite> <!-- TestonFirefox -->
