<?xml version="1.0" encoding="UTF-8"?>
<!-- Generated by org.testng.reporters.JUnitXMLReporter -->
<testsuite hostname="Umer" ignored="1" name="Test1" tests="1" failures="0" timestamp="06 Dec 2018 20:14:57 GMT" time="18.964" errors="0">
  <testcase name="googleSearch" time="10.763" classname="test.TEst1_googleSearch_TestNG_Demo"/>
  <testcase name="googleSearch2" time="0.0" classname="test.TEst1_googleSearch_TestNG_Demo2">
    <ignored/>
  </testcase> <!-- googleSearch2 -->
</testsuite> <!-- Test1 -->
