<?xml version="1.0" encoding="UTF-8"?>
<!-- Generated by org.testng.reporters.JUnitXMLReporter -->
<testsuite hostname="Umer" ignored="0" name="Test" tests="1" failures="1" timestamp="13 Dec 2018 10:33:57 GMT" time="0.036" errors="0">
  <testcase name="Test" time="0.0" classname="Paremeters.TestNGParameters">
    <failure type="org.testng.TestNGException" message="
Method Test requires 1 parameters but 2 were supplied in the @Test annotation.">
      <![CDATA[org.testng.TestNGException: 
Method Test requires 1 parameters but 2 were supplied in the @Test annotation.
... Removed 24 stack frames]]>
    </failure>
  </testcase> <!-- Test -->
</testsuite> <!-- Test -->
